<?xml version="1.0" encoding="UTF-8"?>
<testng-results ignored="0" total="1" passed="1" failed="0" skipped="0">
  <reporter-output>
  </reporter-output>
  <suite started-at="2022-02-28T18:52:02 IST" name="Default suite" finished-at="2022-02-28T18:52:06 IST" duration-ms="3896">
    <groups>
    </groups>
    <test started-at="2022-02-28T18:52:02 IST" name="Default test" finished-at="2022-02-28T18:52:06 IST" duration-ms="3896">
      <class name="test.ListGistsAuthUsers">
        <test-method signature="listAuth()[pri:1, instance:test.ListGistsAuthUsers@2beee7ff]" started-at="2022-02-28T18:52:02 IST" name="listAuth" finished-at="2022-02-28T18:52:06 IST" duration-ms="3844" status="PASS">
          <reporter-output>
          </reporter-output>
        </test-method> <!-- listAuth -->
      </class> <!-- test.ListGistsAuthUsers -->
    </test> <!-- Default test -->
  </suite> <!-- Default suite -->
</testng-results>
